[ERROR] 17-12-2021 12:03:57.903 AM [main]  service.ActionHandler - 2 counts of IllegalAnnotationExceptions
[INFO ] 17-12-2021 12:03:57.906 AM [main]  service.ActionHandler - Save customer dfss
[ERROR] 17-12-2021 12:11:07.935 AM [main]  service.ActionHandler - 4 counts of IllegalAnnotationExceptions
[INFO ] 17-12-2021 12:11:07.938 AM [main]  service.ActionHandler - Save customer ffgf
[INFO ] 17-12-2021 12:11:24.404 AM [main]  Main - Exit the  app
[INFO ] 17-12-2021 12:14:11.218 AM [main]  service.ActionHandler - Save customer dsfsdf
[INFO ] 17-12-2021 12:15:50.383 AM [main]  service.ActionHandler - Save customer fgdfg
[INFO ] 17-12-2021 12:17:39.841 AM [main]  service.ActionHandler - Save customer FGDFg
[INFO ] 17-12-2021 12:18:40.613 AM [main]  service.ActionHandler - Save customer eertrt
[INFO ] 17-12-2021 12:22:19.750 AM [main]  service.ActionHandler - Save customer dsfdsf
[INFO ] 17-12-2021 12:43:30.481 AM [main]  service.ActionHandler - Save customer dfsdf
[INFO ] 17-12-2021 12:55:12.216 AM [main]  service.ActionHandler - Save customer fgfdg
[INFO ] 17-12-2021 01:33:30.311 AM [main]  service.ActionHandler - Save customer 32423
[INFO ] 17-12-2021 01:34:31.087 AM [main]  service.ActionHandler - Save customer 32432
[INFO ] 17-12-2021 01:34:43.659 AM [main]  service.ActionHandler - Save customer 345345
[INFO ] 17-12-2021 01:35:56.646 AM [main]  service.ActionHandler - Save customer jeka
[INFO ] 17-12-2021 01:36:24.050 AM [main]  service.ActionHandler - Save customer vova
[INFO ] 17-12-2021 01:36:37.162 AM [main]  Main - Exit the  app
[INFO ] 17-12-2021 01:41:01.961 AM [main]  service.ActionHandler - Save customer jeka
[INFO ] 17-12-2021 01:41:19.245 AM [main]  service.ActionHandler - Save customer fgdfg
[INFO ] 17-12-2021 01:44:29.693 AM [main]  service.ActionHandler - Save customer jeka
[INFO ] 17-12-2021 01:44:49.993 AM [main]  service.ActionHandler - Save customer vova
[INFO ] 17-12-2021 01:45:09.767 AM [main]  Main - Exit the  app
[INFO ] 17-12-2021 02:00:28.235 AM [main]  service.ActionHandler - Save customer jeka
[INFO ] 17-12-2021 02:00:47.727 AM [main]  service.ActionHandler - Save customer vova
[INFO ] 17-12-2021 02:01:09.754 AM [main]  service.ActionHandler - Delete customer putin
[INFO ] 17-12-2021 02:35:33.799 AM [main]  service.ActionHandler - Save customer jeka
[INFO ] 17-12-2021 02:35:53.748 AM [main]  service.ActionHandler - Save customer vova
[INFO ] 17-12-2021 02:36:30.042 AM [main]  service.ActionHandler - Update customer semin
[INFO ] 17-12-2021 02:38:11.088 AM [main]  service.ActionHandler - Find customer by phone 123
[INFO ] 17-12-2021 02:38:21.078 AM [main]  Main - Exit the  app
